BIN_OP_AND_uint1_t_uint1_t MaxInputWidth= 1 num_instances= 7 :
BIN_OP_AND_uint1_t_uint1_t main: uart_main MaxInputWidth= 1 num_instances= 2 :
uart_main/BIN_OP_AND[top_c_l29_c6_d572]
uart_main/BIN_OP_AND[top_c_l31_c12_678f]
BIN_OP_AND_uint1_t_uint1_t main: uart_rx_mac MaxInputWidth= 1 num_instances= 4 :
uart_rx_mac/BIN_OP_AND[uart_mac_c_l42_c5_f063]
uart_rx_mac/uart_deserializer[uart_mac_c_l32_c33_8780]/BIN_OP_AND[uart_mac_h_l193_c548_47bf]
uart_rx_mac/uart_deserializer[uart_mac_c_l32_c33_8780]/BIN_OP_AND[uart_mac_h_l193_c683_771f]
uart_rx_mac/uart_rx_1b[uart_mac_c_l24_c33_6684]/BIN_OP_AND[uart_mac_h_l103_c16_c1d7]
BIN_OP_AND_uint1_t_uint1_t main: uart_tx_mac MaxInputWidth= 1 num_instances= 1 :
uart_tx_mac/uart_serializer[uart_mac_c_l61_c29_7ae4]/uart_serializer_serializer_in_to_out[uart_mac_h_l196_c1331_341e]/BIN_OP_AND[uart_mac_h_l196_c570_4370]

BIN_OP_EQ_uint1_t_uint1_t MaxInputWidth= 1 num_instances= 1 :
BIN_OP_EQ_uint1_t_uint1_t main: uart_rx_mac MaxInputWidth= 1 num_instances= 1 :
uart_rx_mac/uart_rx_1b[uart_mac_c_l24_c33_6684]/BIN_OP_EQ[uart_mac_h_l68_c8_58e6]

BIN_OP_EQ_uint2_t_uint2_t MaxInputWidth= 2 num_instances= 7 :
BIN_OP_EQ_uint2_t_uint2_t main: uart_rx_mac MaxInputWidth= 2 num_instances= 3 :
uart_rx_mac/uart_rx_1b[uart_mac_c_l24_c33_6684]/BIN_OP_EQ[uart_mac_h_l55_c6_1701]
uart_rx_mac/uart_rx_1b[uart_mac_c_l24_c33_6684]/BIN_OP_EQ[uart_mac_h_l65_c11_cc22]
uart_rx_mac/uart_rx_1b[uart_mac_c_l24_c33_6684]/BIN_OP_EQ[uart_mac_h_l81_c11_c953]
BIN_OP_EQ_uint2_t_uint2_t main: uart_tx_mac MaxInputWidth= 2 num_instances= 4 :
uart_tx_mac/uart_tx_1b[uart_mac_c_l72_c33_b0c2]/BIN_OP_EQ[uart_mac_h_l131_c6_9ca1]
uart_tx_mac/uart_tx_1b[uart_mac_c_l72_c33_b0c2]/BIN_OP_EQ[uart_mac_h_l143_c6_b862]
uart_tx_mac/uart_tx_1b[uart_mac_c_l72_c33_b0c2]/BIN_OP_EQ[uart_mac_h_l156_c11_a4b4]
uart_tx_mac/uart_tx_1b[uart_mac_c_l72_c33_b0c2]/BIN_OP_EQ[uart_mac_h_l178_c11_2bbe]

BIN_OP_EQ_uint32_t_uint3_t MaxInputWidth= 32 num_instances= 1 :
BIN_OP_EQ_uint32_t_uint3_t main: uart_tx_mac MaxInputWidth= 32 num_instances= 1 :
uart_tx_mac/uart_serializer[uart_mac_c_l61_c29_7ae4]/uart_serializer_serializer_in_to_out[uart_mac_h_l196_c1331_341e]/BIN_OP_EQ[uart_mac_h_l196_c588_5073]

BIN_OP_EQ_uint32_t_uint4_t MaxInputWidth= 32 num_instances= 2 :
BIN_OP_EQ_uint32_t_uint4_t main: uart_rx_mac MaxInputWidth= 32 num_instances= 1 :
uart_rx_mac/uart_deserializer[uart_mac_c_l32_c33_8780]/BIN_OP_EQ[uart_mac_h_l193_c913_d4ae]
BIN_OP_EQ_uint32_t_uint4_t main: uart_tx_mac MaxInputWidth= 32 num_instances= 1 :
uart_tx_mac/uart_serializer[uart_mac_c_l61_c29_7ae4]/uart_serializer_serializer_in_to_out[uart_mac_h_l196_c1331_341e]/BIN_OP_EQ[uart_mac_h_l196_c872_f6e4]

BIN_OP_EQ_uint4_t_uint4_t MaxInputWidth= 4 num_instances= 2 :
BIN_OP_EQ_uint4_t_uint4_t main: uart_rx_mac MaxInputWidth= 4 num_instances= 1 :
uart_rx_mac/uart_rx_1b[uart_mac_c_l24_c33_6684]/BIN_OP_EQ[uart_mac_h_l96_c10_e376]
BIN_OP_EQ_uint4_t_uint4_t main: uart_tx_mac MaxInputWidth= 4 num_instances= 1 :
uart_tx_mac/uart_tx_1b[uart_mac_c_l72_c33_b0c2]/BIN_OP_EQ[uart_mac_h_l170_c10_c807]

BIN_OP_GTE_uint16_t_uint16_t MaxInputWidth= 16 num_instances= 2 :
BIN_OP_GTE_uint16_t_uint16_t main: uart_rx_mac MaxInputWidth= 16 num_instances= 2 :
uart_rx_mac/uart_rx_1b[uart_mac_c_l24_c33_6684]/BIN_OP_GTE[uart_mac_h_l72_c10_8e7b]
uart_rx_mac/uart_rx_1b[uart_mac_c_l24_c33_6684]/BIN_OP_GTE[uart_mac_h_l85_c8_abdb]

BIN_OP_GTE_uint16_t_uint8_t MaxInputWidth= 16 num_instances= 3 :
BIN_OP_GTE_uint16_t_uint8_t main: uart_tx_mac MaxInputWidth= 16 num_instances= 3 :
uart_tx_mac/uart_tx_1b[uart_mac_c_l72_c33_b0c2]/BIN_OP_GTE[uart_mac_h_l148_c8_4eb8]
uart_tx_mac/uart_tx_1b[uart_mac_c_l72_c33_b0c2]/BIN_OP_GTE[uart_mac_h_l161_c8_1b2d]
uart_tx_mac/uart_tx_1b[uart_mac_c_l72_c33_b0c2]/BIN_OP_GTE[uart_mac_h_l183_c8_d2a3]

BIN_OP_GTE_uint8_t_uint8_t MaxInputWidth= 8 num_instances= 2 :
BIN_OP_GTE_uint8_t_uint8_t main: uart_main MaxInputWidth= 8 num_instances= 2 :
uart_main/BIN_OP_GTE[top_c_l29_c6_7052]
uart_main/BIN_OP_GTE[top_c_l31_c12_b643]

BIN_OP_LTE_uint8_t_uint8_t MaxInputWidth= 8 num_instances= 2 :
BIN_OP_LTE_uint8_t_uint8_t main: uart_main MaxInputWidth= 8 num_instances= 2 :
uart_main/BIN_OP_LTE[top_c_l29_c24_08b7]
uart_main/BIN_OP_LTE[top_c_l31_c30_37e2]

BIN_OP_MINUS_uint8_t_uint8_t MaxInputWidth= 8 num_instances= 1 :
BIN_OP_MINUS_uint8_t_uint8_t main: uart_main MaxInputWidth= 8 num_instances= 1 :
uart_main/BIN_OP_MINUS[top_c_l30_c16_7b26]

BIN_OP_OR_uint1_t_uint1_t MaxInputWidth= 1 num_instances= 1 :
BIN_OP_OR_uint1_t_uint1_t main: uart_tx_mac MaxInputWidth= 1 num_instances= 1 :
uart_tx_mac/uart_serializer[uart_mac_c_l61_c29_7ae4]/uart_serializer_serializer_in_to_out[uart_mac_h_l196_c1331_341e]/BIN_OP_OR[uart_mac_h_l196_c630_fdf7]

BIN_OP_PLUS_uint16_t_uint1_t MaxInputWidth= 16 num_instances= 5 :
BIN_OP_PLUS_uint16_t_uint1_t main: uart_rx_mac MaxInputWidth= 16 num_instances= 2 :
uart_rx_mac/uart_rx_1b[uart_mac_c_l24_c33_6684]/BIN_OP_PLUS[uart_mac_h_l71_c7_a048]
uart_rx_mac/uart_rx_1b[uart_mac_c_l24_c33_6684]/BIN_OP_PLUS[uart_mac_h_l84_c5_0e01]
BIN_OP_PLUS_uint16_t_uint1_t main: uart_tx_mac MaxInputWidth= 16 num_instances= 3 :
uart_tx_mac/uart_tx_1b[uart_mac_c_l72_c33_b0c2]/BIN_OP_PLUS[uart_mac_h_l147_c5_4943]
uart_tx_mac/uart_tx_1b[uart_mac_c_l72_c33_b0c2]/BIN_OP_PLUS[uart_mac_h_l160_c5_d640]
uart_tx_mac/uart_tx_1b[uart_mac_c_l72_c33_b0c2]/BIN_OP_PLUS[uart_mac_h_l182_c5_8861]

BIN_OP_PLUS_uint23_t_uint1_t MaxInputWidth= 23 num_instances= 1 :
BIN_OP_PLUS_uint23_t_uint1_t main: blinky_main MaxInputWidth= 23 num_instances= 1 :
blinky_main/BIN_OP_PLUS[top_c_l15_c3_7fe1]

BIN_OP_PLUS_uint32_t_uint1_t MaxInputWidth= 32 num_instances= 2 :
BIN_OP_PLUS_uint32_t_uint1_t main: uart_rx_mac MaxInputWidth= 32 num_instances= 1 :
uart_rx_mac/uart_deserializer[uart_mac_c_l32_c33_8780]/BIN_OP_PLUS[uart_mac_h_l193_c874_b187]
BIN_OP_PLUS_uint32_t_uint1_t main: uart_tx_mac MaxInputWidth= 32 num_instances= 1 :
uart_tx_mac/uart_serializer[uart_mac_c_l61_c29_7ae4]/uart_serializer_serializer_in_to_out[uart_mac_h_l196_c1331_341e]/BIN_OP_PLUS[uart_mac_h_l196_c851_8d2a]

BIN_OP_PLUS_uint4_t_uint1_t MaxInputWidth= 4 num_instances= 2 :
BIN_OP_PLUS_uint4_t_uint1_t main: uart_rx_mac MaxInputWidth= 4 num_instances= 1 :
uart_rx_mac/uart_rx_1b[uart_mac_c_l24_c33_6684]/BIN_OP_PLUS[uart_mac_h_l93_c7_e5a7]
BIN_OP_PLUS_uint4_t_uint1_t main: uart_tx_mac MaxInputWidth= 4 num_instances= 1 :
uart_tx_mac/uart_tx_1b[uart_mac_c_l72_c33_b0c2]/BIN_OP_PLUS[uart_mac_h_l168_c7_eb37]

BIN_OP_PLUS_uint8_t_uint8_t MaxInputWidth= 8 num_instances= 1 :
BIN_OP_PLUS_uint8_t_uint8_t main: uart_main MaxInputWidth= 8 num_instances= 1 :
uart_main/BIN_OP_PLUS[top_c_l32_c16_192f]

CONST_SR_0_uint8_t MaxInputWidth= 8 num_instances= 1 :
CONST_SR_0_uint8_t main: uart_tx_mac MaxInputWidth= 8 num_instances= 1 :
uart_tx_mac/FOR_uart_mac_c_l57_c29_72e4_ITER_0_CONST_SR_0[uart_mac_c_l57_c118_0da5]

CONST_SR_1_uint8_t MaxInputWidth= 8 num_instances= 1 :
CONST_SR_1_uint8_t main: uart_tx_mac MaxInputWidth= 8 num_instances= 1 :
uart_tx_mac/FOR_uart_mac_c_l57_c29_72e4_ITER_1_CONST_SR_1[uart_mac_c_l57_c118_0da5]

CONST_SR_22_uint23_t MaxInputWidth= 23 num_instances= 1 :
CONST_SR_22_uint23_t main: blinky_main MaxInputWidth= 23 num_instances= 1 :
blinky_main/CONST_SR_22[top_c_l13_c11_3acd]

CONST_SR_2_uint8_t MaxInputWidth= 8 num_instances= 1 :
CONST_SR_2_uint8_t main: uart_tx_mac MaxInputWidth= 8 num_instances= 1 :
uart_tx_mac/FOR_uart_mac_c_l57_c29_72e4_ITER_2_CONST_SR_2[uart_mac_c_l57_c118_0da5]

CONST_SR_3_uint8_t MaxInputWidth= 8 num_instances= 1 :
CONST_SR_3_uint8_t main: uart_tx_mac MaxInputWidth= 8 num_instances= 1 :
uart_tx_mac/FOR_uart_mac_c_l57_c29_72e4_ITER_3_CONST_SR_3[uart_mac_c_l57_c118_0da5]

CONST_SR_4_uint8_t MaxInputWidth= 8 num_instances= 4 :
CONST_SR_4_uint8_t main: uart_tx_mac MaxInputWidth= 8 num_instances= 1 :
uart_tx_mac/FOR_uart_mac_c_l57_c29_72e4_ITER_4_CONST_SR_4[uart_mac_c_l57_c118_0da5]
CONST_SR_4_uint8_t main: vga_4b_connect MaxInputWidth= 8 num_instances= 3 :
vga_4b_connect/CONST_SR_4[vga_wires_4b_c_l17_c15_c94f]
vga_4b_connect/CONST_SR_4[vga_wires_4b_c_l18_c15_35cd]
vga_4b_connect/CONST_SR_4[vga_wires_4b_c_l19_c15_3bc1]

CONST_SR_5_uint8_t MaxInputWidth= 8 num_instances= 1 :
CONST_SR_5_uint8_t main: uart_tx_mac MaxInputWidth= 8 num_instances= 1 :
uart_tx_mac/FOR_uart_mac_c_l57_c29_72e4_ITER_5_CONST_SR_5[uart_mac_c_l57_c118_0da5]

CONST_SR_6_uint8_t MaxInputWidth= 8 num_instances= 1 :
CONST_SR_6_uint8_t main: uart_tx_mac MaxInputWidth= 8 num_instances= 1 :
uart_tx_mac/FOR_uart_mac_c_l57_c29_72e4_ITER_6_CONST_SR_6[uart_mac_c_l57_c118_0da5]

CONST_SR_7_uint8_t MaxInputWidth= 8 num_instances= 1 :
CONST_SR_7_uint8_t main: uart_tx_mac MaxInputWidth= 8 num_instances= 1 :
uart_tx_mac/FOR_uart_mac_c_l57_c29_72e4_ITER_7_CONST_SR_7[uart_mac_c_l57_c118_0da5]

MUX_uint1_t_char_char MaxInputWidth= 8 num_instances= 2 :
MUX_uint1_t_char_char main: uart_main MaxInputWidth= 8 num_instances= 2 :
uart_main/out_char_MUX[top_c_l29_c3_cadc]
uart_main/out_char_MUX[top_c_l31_c9_c1bd]

MUX_uint1_t_uint16_t_uint16_t MaxInputWidth= 16 num_instances= 15 :
MUX_uint1_t_uint16_t_uint16_t main: uart_rx_mac MaxInputWidth= 16 num_instances= 7 :
uart_rx_mac/uart_rx_1b[uart_mac_c_l24_c33_6684]/clk_counter_MUX[uart_mac_h_l55_c3_404b]
uart_rx_mac/uart_rx_1b[uart_mac_c_l24_c33_6684]/clk_counter_MUX[uart_mac_h_l58_c5_b4b9]
uart_rx_mac/uart_rx_1b[uart_mac_c_l24_c33_6684]/clk_counter_MUX[uart_mac_h_l65_c8_24b1]
uart_rx_mac/uart_rx_1b[uart_mac_c_l24_c33_6684]/clk_counter_MUX[uart_mac_h_l68_c5_0485]
uart_rx_mac/uart_rx_1b[uart_mac_c_l24_c33_6684]/clk_counter_MUX[uart_mac_h_l72_c7_1594]
uart_rx_mac/uart_rx_1b[uart_mac_c_l24_c33_6684]/clk_counter_MUX[uart_mac_h_l81_c8_8685]
uart_rx_mac/uart_rx_1b[uart_mac_c_l24_c33_6684]/clk_counter_MUX[uart_mac_h_l85_c5_f855]
MUX_uint1_t_uint16_t_uint16_t main: uart_tx_mac MaxInputWidth= 16 num_instances= 8 :
uart_tx_mac/uart_tx_1b[uart_mac_c_l72_c33_b0c2]/clk_counter_MUX[uart_mac_h_l131_c3_9d5a]
uart_tx_mac/uart_tx_1b[uart_mac_c_l72_c33_b0c2]/clk_counter_MUX[uart_mac_h_l135_c5_4d79]
uart_tx_mac/uart_tx_1b[uart_mac_c_l72_c33_b0c2]/clk_counter_MUX[uart_mac_h_l143_c3_1af9]
uart_tx_mac/uart_tx_1b[uart_mac_c_l72_c33_b0c2]/clk_counter_MUX[uart_mac_h_l148_c5_5d37]
uart_tx_mac/uart_tx_1b[uart_mac_c_l72_c33_b0c2]/clk_counter_MUX[uart_mac_h_l156_c8_6b0c]
uart_tx_mac/uart_tx_1b[uart_mac_c_l72_c33_b0c2]/clk_counter_MUX[uart_mac_h_l161_c5_b2c0]
uart_tx_mac/uart_tx_1b[uart_mac_c_l72_c33_b0c2]/clk_counter_MUX[uart_mac_h_l170_c7_c9f1]
uart_tx_mac/uart_tx_1b[uart_mac_c_l72_c33_b0c2]/clk_counter_MUX[uart_mac_h_l178_c8_e2cc]

MUX_uint1_t_uint1_t_uint1_t MaxInputWidth= 1 num_instances= 16 :
MUX_uint1_t_uint1_t_uint1_t main: uart_rx_mac MaxInputWidth= 1 num_instances= 3 :
uart_rx_mac/uart_deserializer[uart_mac_c_l32_c33_8780]/uart_deserializer_out_buffer_valid_MUX[uart_mac_h_l193_c545_75d6]
uart_rx_mac/uart_deserializer[uart_mac_c_l32_c33_8780]/uart_deserializer_out_buffer_valid_MUX[uart_mac_h_l193_c680_18ba]
uart_rx_mac/uart_deserializer[uart_mac_c_l32_c33_8780]/uart_deserializer_out_buffer_valid_MUX[uart_mac_h_l193_c910_9c92]
MUX_uint1_t_uint1_t_uint1_t main: uart_tx_mac MaxInputWidth= 1 num_instances= 13 :
uart_tx_mac/uart_serializer[uart_mac_c_l61_c29_7ae4]/uart_serializer_serializer_in_to_out[uart_mac_h_l196_c1331_341e]/in_buffer_0_MUX[uart_mac_h_l196_c663_0b38]
uart_tx_mac/uart_serializer[uart_mac_c_l61_c29_7ae4]/uart_serializer_serializer_in_to_out[uart_mac_h_l196_c1331_341e]/in_buffer_1_MUX[uart_mac_h_l196_c663_0b38]
uart_tx_mac/uart_serializer[uart_mac_c_l61_c29_7ae4]/uart_serializer_serializer_in_to_out[uart_mac_h_l196_c1331_341e]/in_buffer_2_MUX[uart_mac_h_l196_c663_0b38]
uart_tx_mac/uart_serializer[uart_mac_c_l61_c29_7ae4]/uart_serializer_serializer_in_to_out[uart_mac_h_l196_c1331_341e]/in_buffer_3_MUX[uart_mac_h_l196_c663_0b38]
uart_tx_mac/uart_serializer[uart_mac_c_l61_c29_7ae4]/uart_serializer_serializer_in_to_out[uart_mac_h_l196_c1331_341e]/in_buffer_4_MUX[uart_mac_h_l196_c663_0b38]
uart_tx_mac/uart_serializer[uart_mac_c_l61_c29_7ae4]/uart_serializer_serializer_in_to_out[uart_mac_h_l196_c1331_341e]/in_buffer_5_MUX[uart_mac_h_l196_c663_0b38]
uart_tx_mac/uart_serializer[uart_mac_c_l61_c29_7ae4]/uart_serializer_serializer_in_to_out[uart_mac_h_l196_c1331_341e]/in_buffer_6_MUX[uart_mac_h_l196_c663_0b38]
uart_tx_mac/uart_serializer[uart_mac_c_l61_c29_7ae4]/uart_serializer_serializer_in_to_out[uart_mac_h_l196_c1331_341e]/in_buffer_valid_MUX[uart_mac_h_l196_c663_0b38]
uart_tx_mac/uart_serializer[uart_mac_c_l61_c29_7ae4]/uart_serializer_serializer_in_to_out[uart_mac_h_l196_c1331_341e]/in_buffer_valid_MUX[uart_mac_h_l196_c869_68da]
uart_tx_mac/uart_serializer[uart_mac_c_l61_c29_7ae4]/uart_serializer_serializer_in_to_out[uart_mac_h_l196_c1331_341e]/in_buffer_valid_MUX[uart_mac_h_l196_c915_c767]
uart_tx_mac/uart_tx_1b[uart_mac_c_l72_c33_b0c2]/o_output_wire_MUX[uart_mac_h_l131_c3_9d5a]
uart_tx_mac/uart_tx_1b[uart_mac_c_l72_c33_b0c2]/o_output_wire_MUX[uart_mac_h_l178_c8_e2cc]
uart_tx_mac/uart_tx_1b[uart_mac_c_l72_c33_b0c2]/o_ready_for_bit_stream_MUX[uart_mac_h_l161_c5_b2c0]

MUX_uint1_t_uint32_t_uint32_t MaxInputWidth= 32 num_instances= 4 :
MUX_uint1_t_uint32_t_uint32_t main: uart_rx_mac MaxInputWidth= 32 num_instances= 2 :
uart_rx_mac/uart_deserializer[uart_mac_c_l32_c33_8780]/uart_deserializer_out_counter_MUX[uart_mac_h_l193_c545_75d6]
uart_rx_mac/uart_deserializer[uart_mac_c_l32_c33_8780]/uart_deserializer_out_counter_MUX[uart_mac_h_l193_c680_18ba]
MUX_uint1_t_uint32_t_uint32_t main: uart_tx_mac MaxInputWidth= 32 num_instances= 2 :
uart_tx_mac/uart_serializer[uart_mac_c_l61_c29_7ae4]/uart_serializer_serializer_in_to_out[uart_mac_h_l196_c1331_341e]/out_counter_MUX[uart_mac_h_l196_c663_0b38]
uart_tx_mac/uart_serializer[uart_mac_c_l61_c29_7ae4]/uart_serializer_serializer_in_to_out[uart_mac_h_l196_c1331_341e]/out_counter_MUX[uart_mac_h_l196_c915_c767]

MUX_uint1_t_uint4_t_uint4_t MaxInputWidth= 4 num_instances= 10 :
MUX_uint1_t_uint4_t_uint4_t main: uart_rx_mac MaxInputWidth= 4 num_instances= 6 :
uart_rx_mac/uart_rx_1b[uart_mac_c_l24_c33_6684]/bit_counter_MUX[uart_mac_h_l55_c3_404b]
uart_rx_mac/uart_rx_1b[uart_mac_c_l24_c33_6684]/bit_counter_MUX[uart_mac_h_l65_c8_24b1]
uart_rx_mac/uart_rx_1b[uart_mac_c_l24_c33_6684]/bit_counter_MUX[uart_mac_h_l68_c5_0485]
uart_rx_mac/uart_rx_1b[uart_mac_c_l24_c33_6684]/bit_counter_MUX[uart_mac_h_l72_c7_1594]
uart_rx_mac/uart_rx_1b[uart_mac_c_l24_c33_6684]/bit_counter_MUX[uart_mac_h_l81_c8_8685]
uart_rx_mac/uart_rx_1b[uart_mac_c_l24_c33_6684]/bit_counter_MUX[uart_mac_h_l85_c5_f855]
MUX_uint1_t_uint4_t_uint4_t main: uart_tx_mac MaxInputWidth= 4 num_instances= 4 :
uart_tx_mac/uart_tx_1b[uart_mac_c_l72_c33_b0c2]/bit_counter_MUX[uart_mac_h_l143_c3_1af9]
uart_tx_mac/uart_tx_1b[uart_mac_c_l72_c33_b0c2]/bit_counter_MUX[uart_mac_h_l148_c5_5d37]
uart_tx_mac/uart_tx_1b[uart_mac_c_l72_c33_b0c2]/bit_counter_MUX[uart_mac_h_l156_c8_6b0c]
uart_tx_mac/uart_tx_1b[uart_mac_c_l72_c33_b0c2]/bit_counter_MUX[uart_mac_h_l161_c5_b2c0]

UNARY_OP_NOT_uint1_t MaxInputWidth= 1 num_instances= 4 :
UNARY_OP_NOT_uint1_t main: uart_rx_mac MaxInputWidth= 1 num_instances= 3 :
uart_rx_mac/UNARY_OP_NOT[uart_mac_c_l42_c35_323e]
uart_rx_mac/uart_deserializer[uart_mac_c_l32_c33_8780]/UNARY_OP_NOT[uart_mac_h_l193_c409_8974]
uart_rx_mac/uart_rx_1b[uart_mac_c_l24_c33_6684]/UNARY_OP_NOT[uart_mac_h_l103_c38_40cf]
UNARY_OP_NOT_uint1_t main: uart_tx_mac MaxInputWidth= 1 num_instances= 1 :
uart_tx_mac/uart_serializer[uart_mac_c_l61_c29_7ae4]/uart_serializer_serializer_in_to_out[uart_mac_h_l196_c1331_341e]/UNARY_OP_NOT[uart_mac_h_l196_c630_56aa]

